2025-12-12 14:00:25,619 INFO Set uid to user 0 succeeded
2025-12-12 14:00:25,626 INFO supervisord started with pid 1
2025-12-12 14:00:26,630 INFO spawned: 'php-fpm' with pid 7
2025-12-12 14:00:26,633 INFO spawned: 'nginx' with pid 8
2025-12-12 14:00:27,802 INFO success: php-fpm entered RUNNING state, process has stayed up for > than 1 seconds (startsecs)
2025-12-12 14:00:27,802 INFO success: nginx entered RUNNING state, process has stayed up for > than 1 seconds (startsecs)
2025-12-12 14:02:16,927 WARN received SIGQUIT indicating exit request
2025-12-12 14:02:16,928 INFO waiting for php-fpm, nginx to die
2025-12-12 14:02:16,936 INFO stopped: nginx (exit status 0)
2025-12-12 14:02:16,952 INFO stopped: php-fpm (exit status 0)
2025-12-13 19:53:32,716 INFO Set uid to user 0 succeeded
2025-12-13 19:53:32,722 INFO supervisord started with pid 1
2025-12-13 19:53:33,724 INFO spawned: 'php-fpm' with pid 10
2025-12-13 19:53:33,727 INFO spawned: 'nginx' with pid 11
2025-12-13 19:53:34,781 INFO success: php-fpm entered RUNNING state, process has stayed up for > than 1 seconds (startsecs)
2025-12-13 19:53:34,782 INFO success: nginx entered RUNNING state, process has stayed up for > than 1 seconds (startsecs)
2025-12-13 19:54:00,809 WARN received SIGQUIT indicating exit request
2025-12-13 19:54:00,809 INFO waiting for php-fpm, nginx to die
2025-12-13 19:54:00,817 INFO stopped: nginx (exit status 0)
2025-12-13 19:54:00,831 INFO stopped: php-fpm (exit status 0)
2025-12-13 19:54:02,517 INFO Set uid to user 0 succeeded
2025-12-13 19:54:02,523 INFO supervisord started with pid 1
2025-12-13 19:54:03,526 INFO spawned: 'php-fpm' with pid 10
2025-12-13 19:54:03,528 INFO spawned: 'nginx' with pid 11
2025-12-13 19:54:04,583 INFO success: php-fpm entered RUNNING state, process has stayed up for > than 1 seconds (startsecs)
2025-12-13 19:54:04,583 INFO success: nginx entered RUNNING state, process has stayed up for > than 1 seconds (startsecs)
2025-12-13 19:56:52,768 WARN received SIGQUIT indicating exit request
2025-12-13 19:56:52,769 INFO waiting for php-fpm, nginx to die
2025-12-13 19:56:52,777 INFO stopped: nginx (exit status 0)
2025-12-13 19:56:52,786 INFO stopped: php-fpm (exit status 0)
2025-12-13 19:56:55,067 INFO Set uid to user 0 succeeded
2025-12-13 19:56:55,072 INFO supervisord started with pid 1
2025-12-13 19:56:56,076 INFO spawned: 'php-fpm' with pid 10
2025-12-13 19:56:56,078 INFO spawned: 'nginx' with pid 11
2025-12-13 19:56:57,148 INFO success: php-fpm entered RUNNING state, process has stayed up for > than 1 seconds (startsecs)
2025-12-13 19:56:57,149 INFO success: nginx entered RUNNING state, process has stayed up for > than 1 seconds (startsecs)
2025-12-13 19:59:57,949 WARN received SIGQUIT indicating exit request
2025-12-13 19:59:57,949 INFO waiting for php-fpm, nginx to die
2025-12-13 19:59:57,956 INFO stopped: nginx (exit status 0)
2025-12-13 19:59:57,968 INFO stopped: php-fpm (exit status 0)
2025-12-13 20:00:00,507 INFO Set uid to user 0 succeeded
2025-12-13 20:00:00,514 INFO supervisord started with pid 1
2025-12-13 20:00:01,516 INFO spawned: 'php-fpm' with pid 10
2025-12-13 20:00:01,519 INFO spawned: 'nginx' with pid 11
2025-12-13 20:00:02,610 INFO success: php-fpm entered RUNNING state, process has stayed up for > than 1 seconds (startsecs)
2025-12-13 20:00:02,611 INFO success: nginx entered RUNNING state, process has stayed up for > than 1 seconds (startsecs)
2025-12-13 20:15:41,405 WARN received SIGQUIT indicating exit request
2025-12-13 20:15:41,407 INFO waiting for php-fpm, nginx to die
2025-12-13 20:15:41,412 INFO stopped: nginx (exit status 0)
2025-12-13 20:15:41,421 INFO stopped: php-fpm (exit status 0)
2025-12-13 20:16:05,547 INFO Set uid to user 0 succeeded
2025-12-13 20:16:05,553 INFO supervisord started with pid 1
2025-12-13 20:16:06,557 INFO spawned: 'php-fpm' with pid 10
2025-12-13 20:16:06,566 INFO spawned: 'nginx' with pid 11
2025-12-13 20:16:07,631 INFO success: php-fpm entered RUNNING state, process has stayed up for > than 1 seconds (startsecs)
2025-12-13 20:16:07,632 INFO success: nginx entered RUNNING state, process has stayed up for > than 1 seconds (startsecs)
2025-12-13 20:51:19,586 INFO Set uid to user 0 succeeded
2025-12-13 20:51:19,801 INFO supervisord started with pid 1
2025-12-13 20:51:20,806 INFO spawned: 'php-fpm' with pid 35
2025-12-13 20:51:21,035 INFO spawned: 'nginx' with pid 36
2025-12-13 20:51:22,377 INFO success: php-fpm entered RUNNING state, process has stayed up for > than 1 seconds (startsecs)
2025-12-13 20:51:22,377 INFO success: nginx entered RUNNING state, process has stayed up for > than 1 seconds (startsecs)
2025-12-13 20:59:45,493 WARN received SIGQUIT indicating exit request
